TN:
SF:src/RebaseToken.sol
DA:32,8
FN:32,RebaseToken.grantMintAndBurnRole
FNDA:8,RebaseToken.grantMintAndBurnRole
DA:33,8
DA:39,518
FN:39,RebaseToken.setInterestRate
FNDA:518,RebaseToken.setInterestRate
DA:40,259
BRDA:40,0,0,-
DA:41,0
DA:46,259
DA:47,259
DA:53,0
FN:53,RebaseToken.getInterestRate
FNDA:0,RebaseToken.getInterestRate
DA:54,0
DA:60,518
FN:60,RebaseToken.getUserInterestRate
FNDA:518,RebaseToken.getUserInterestRate
DA:63,518
DA:69,518
FN:69,RebaseToken.principleBalanceOf
FNDA:518,RebaseToken.principleBalanceOf
DA:70,518
DA:76,1296
FN:76,RebaseToken.mint
FNDA:1296,RebaseToken.mint
DA:77,1295
DA:78,1295
DA:79,1295
DA:85,519
FN:85,RebaseToken.burn
FNDA:519,RebaseToken.burn
DA:86,518
BRDA:86,1,0,-
DA:87,0
DA:89,518
DA:90,518
DA:96,2849
FN:96,RebaseToken.balanceOf
FNDA:2849,RebaseToken.balanceOf
DA:99,5439
DA:100,5439
DA:108,259
FN:108,RebaseToken.transfer
FNDA:259,RebaseToken.transfer
DA:112,259
DA:113,259
DA:114,259
BRDA:114,2,0,-
DA:115,0
DA:117,259
BRDA:117,3,0,259
DA:118,259
DA:120,259
DA:130,0
FN:130,RebaseToken.transferFrom
FNDA:0,RebaseToken.transferFrom
DA:135,0
DA:136,0
DA:137,0
BRDA:137,4,0,-
DA:138,0
DA:140,0
BRDA:140,5,0,-
DA:141,0
DA:143,0
DA:151,5439
FN:151,RebaseToken._calculateUserAccumulatedInterestSinceLastUpdate
FNDA:5439,RebaseToken._calculateUserAccumulatedInterestSinceLastUpdate
DA:154,5439
DA:156,5439
DA:161,2331
FN:161,RebaseToken._mintAccuredInterest
FNDA:2331,RebaseToken._mintAccuredInterest
DA:162,2331
DA:163,2331
DA:164,2331
DA:165,2331
DA:166,2331
FNF:12
FNH:10
LF:50
LH:37
BRF:6
BRH:1
end_of_record
TN:
SF:src/Vault.sol
DA:15,8
FN:15,Vault.constructor
FNDA:8,Vault.constructor
DA:16,8
DA:23,1
FN:23,Vault.getRebaseTokenAddress
FNDA:1,Vault.getRebaseTokenAddress
DA:24,1
DA:32,1295
FN:32,Vault.deposit
FNDA:1295,Vault.deposit
DA:33,1295
DA:34,1295
DA:41,518
FN:41,Vault.redeem
FNDA:518,Vault.redeem
DA:42,518
BRDA:42,0,0,518
DA:43,518
DA:45,518
DA:46,518
DA:47,518
BRDA:47,1,0,-
DA:48,0
DA:50,518
FNF:4
FNH:4
LF:15
LH:14
BRF:2
BRH:1
end_of_record
